initial
update: 17
update: 9
update: 15
update: 32
update: 10
update: 5
update: 18
update: 23
update: 9
update: 24
update: 21
update: 22
update: 17
update: 20
update: 17
update: 20
update: 16
update: 18
update: 11
update: 32
update: 18
update: 24
update: 29
update: 24
update: 4
update: 13
update: 29
update: 23
update: 16
update: 17
update: 18
update: 21
update: 30
update: 20
update: 11
update: 23
update: 23
update: 13
update: 13
update: 29
update: 21
update: 17
update: 25
update: 17
update: 26
update: 25
update: 12
update: 26
update: 25
update: 25
update: 19
update: 21
update: 23
update: 33
update: 21
update: 6
update: 32
update: 10
update: 36
update: 15
update: 21
update: 33
update: 19
update: 13
update: 17
update: 25
update: 18
update: 10
update: 12
update: 22
update: 18
update: 25
update: 17
update: 20
update: 21
update: 14
update: 22
update: 16
update: 17
update: 11
update: 22
update: 17
update: 30
update: 13
update: 16
update: 15
update: 14
update: 11
update: 35
update: 14
update: 25
update: 16
update: 20
update: 16
update: 11
update: 29
update: 10
update: 22
update: 10
update: 32
update: 9
update: 23
update: 18
update: 21
update: 17
update: 18
update: 20
update: 20
update: 13
update: 15
update: 20
update: 10
update: 22
update: 20
update: 22
update: 12
update: 13
update: 23
update: 21
update: 15
update: 20
update: 11
update: 16
update: 16
update: 21
update: 11
update: 28
update: 7
update: 16
update: 21
update: 12
update: 22
update: 17
update: 11
update: 8
update: 19
update: 10
update: 14
update: 14
update: 13
update: 7
update: 21
update: 17
update: 18
update: 4
update: 7
update: 17
update: 15
update: 7
update: 12
update: 8
update: 9
update: 9
update: 15
update: 8
update: 18
update: 9
update: 16
update: 10
update: 9
update: 16
update: 7
update: 10
update: 16
update: 21
update: 17
update: 9
update: 7
update: 9
update: 15
update: 9
update: 14
update: 7
update: 15
update: 19
update: 16
update: 11
update: 13
update: 0
update: 17
update: 7
update: 15
update: 12
update: 10
update: 5
update: 9
update: 17
update: 12
update: 10
update: 3
update: 20
update: 10
update: 3
update: 8
update: 6
update: 3
update: 10
update: 3
update: 15
update: 3
update: 11
update: 8
update: 10
update: 11
update: 9
update: 7
update: 11
update: 10
update: 5
update: 10
update: 12
update: 9
update: 9
update: 7
update: 10
update: 12
update: 7
update: 19
update: 8
update: 9
update: 10
update: 14
update: 6
update: 16
update: 15
update: 4
update: 12
update: 12
update: 8
update: 9
update: 4
update: 13
update: 12
update: 6
update: 11
update: 11
update: 9
update: 14
update: 17
update: 4
update: 9
update: 6
update: 11
update: 4
update: 12
update: 0
update: 13
update: 7
update: 9
update: 9
update: 12
update: 6
update: 12
update: 11
update: 8
update: 5
update: 14
update: 4
update: 9
update: 9
update: 17
update: 8
update: 2
update: 7
update: 11
update: 2
update: 10
update: 4
update: 12
update: 8
update: 9
update: 7
update: 11
update: 4
update: 10
update: 9
update: 7
update: 6
update: 15
update: 20
update: 4
update: 8
update: 6
update: 10
update: 1
update: 6
update: 7
update: 5
update: 10
update: 9
update: 8
update: 1
update: 6
update: 4
update: 12
update: 6
update: 4
update: 7
update: 8
update: 8
update: 4
update: 8
update: 11
update: 9
update: 4
update: 9
update: 12
update: 14
update: 6
update: 10
update: 6
update: 13
update: 11
update: 14
update: 17
update: 5
update: 15
update: 14
update: 3
update: 14
update: 8
update: 12
update: 9
update: 10
update: 12
update: 7
update: 6
update: 11
update: 13
update: 8
update: 11
update: 22
update: 6
update: 10
update: 12
update: 4
update: 6
update: 21
update: 15
update: 3
update: 14
update: 13
update: 5
update: 11
update: 13
update: 13
update: 9
update: 7
update: 14
update: 12
update: 11
update: 14
update: 15
update: 11
update: 8
update: 12
update: 5
update: 7
update: 6
update: 12
update: 8
update: 13
update: 13
update: 12
update: 9
update: 4
update: 10
update: 10
update: 17
update: 7
update: 5
update: 6
update: 6
update: 10
update: 14
update: 2
update: 8
update: 3
update: 13
update: 3
update: 7
update: 7
update: 10
update: 5
update: 13
update: 8
update: 15
update: 4
update: 11
update: 8
update: 13
update: 5
update: 12
update: 8
update: 8
update: 6
update: 9
update: 8
update: 9
update: 11
update: 8
update: 9
update: 5
update: 9
update: 9
update: 11
update: 12
update: 7
update: 18
update: 6
update: 13
update: 12
update: 6
update: 19
update: 11
update: 5
update: 14
update: 6
update: 13
update: 9
update: 18
update: 9
update: 17
update: 5
update: 8
update: 11
update: 5
update: 13
update: 13
update: 13
update: 7
update: 8
update: 9
update: 12
update: 9
update: 8
update: 8
update: 13
update: 9
update: 16
update: 8
update: 12
update: 5
update: 6
update: 19
update: 7
update: 17
update: 11
update: 11
update: 0
update: 14
update: 17
update: 20
update: 12
update: 2
update: 18
update: 10
update: 14
update: 12
update: 4
update: 22
update: 17
update: 20
update: 15
update: 13
update: 17
update: 6
update: 5
update: 14
update: 6
update: 16
update: 12
update: 9
update: 14
update: 14
update: 14
update: 11
update: 18
update: 9
update: 12
update: 11
update: 12
update: 15
update: 6
update: 7
update: 11
update: 6
update: 13
update: 10
update: 16
update: 13
update: 13
update: 16
update: 6
update: 12
update: 9
update: 6
update: 8
update: 10
update: 11
update: 15
update: 3
update: 13
update: 10
update: 13
update: 11
update: 15
update: 1
update: 14
update: 12
update: 17
update: 7
update: 18
update: 13
update: 13
update: 20
update: 10
update: 9
update: 18
update: 4
update: 14
update: 16
update: 7
update: 25
update: 18
update: 19
update: 20
update: 13
update: 13
update: 10
update: 23
update: 7
update: 27
update: 8
update: 11
update: 9
update: 4
update: 13
update: 4
update: 9
update: 5
update: 17
update: 8
update: 19
update: 6
update: 13
update: 12
update: 5
update: 10
update: 20
update: 7
update: 6
update: 26
update: 15
update: 14
update: 21
update: 9
update: 20
update: 6
update: 16
update: 7
update: 17
update: 11
update: 16
update: 7
update: 13
update: 11
update: 14
update: 10
update: 18
update: 15
update: 16
update: 17
update: 13
update: 9
update: 15
update: 12
update: 9
update: 13
update: 9
update: 12
update: 6
update: 16
update: 14
update: 11
update: 13
update: 13
update: 9
update: 11
update: 14
update: 12
update: 12
update: 14
update: 12
update: 19
update: 10
update: 20
update: 7
update: 19
update: 9
update: 17
update: 3
update: 18
update: 15
update: 18
update: 7
update: 11
update: 11
update: 18
update: 13
update: 16
update: 9
update: 17
update: 20
update: 19
update: 11
update: 27
update: 15
update: 13
update: 10
update: 15
update: 5
update: 4
update: 22
update: 8
update: 22
update: 14
update: 9
update: 14
update: 10
update: 19
update: 11
update: 12
update: 12
update: 12
update: 16
update: 8
update: 14
update: 14
update: 2
update: 22
update: 15
update: 13
update: 17
update: 24
update: 11
update: 13
update: 11
update: 18
update: 15
update: 18
update: 7
update: 16
update: 22
update: 17
update: 13
update: 19
update: 16
update: 13
update: 13
update: 15
update: 9
update: 7
update: 12
update: 14
update: 12
update: 8
update: 12
update: 11
update: 10
update: 10
update: 17
update: 7
update: 13
update: 5
update: 11
update: 6
update: 18
update: 3
update: 14
update: 5
update: 12
update: 20
update: 21
update: 1
update: 11
update: 18
update: 9
update: 15
update: 15
update: 7
update: 18
update: 22
update: 11
update: 17
update: 7
update: 14
update: 7
update: 18
update: 6
update: 12
update: 11
update: 14
update: 11
update: 18
update: 8
update: 23
update: 12
update: 14
update: 4
update: 14
update: 4
update: 10
update: 7
update: 10
update: 5
update: 13
update: 7
update: 13
update: 5
update: 13
update: 12
update: 4
update: 14
update: 9
update: 10
update: 11
update: 4
update: 17
update: 5
update: 17
update: 10
update: 14
update: 15
update: 9
update: 5
update: 17
update: 5
update: 18
update: 6
update: 8
update: 19
update: 12
update: 12
update: 13
update: 5
update: 12
update: 8
update: 12
update: 7
update: 8
update: 7
update: 11
update: 10
update: 17
update: 10
update: 15
update: 10
update: 11
update: 18
update: 12
update: 14
update: 13
update: 9
update: 7
update: 15
update: 13
update: 11
update: 5
update: 7
update: 12
update: 20
update: 12
update: 7
update: 13
update: 12
update: 10
update: 11
update: 13
update: 12
update: 21
update: 13
update: 10
update: 5
update: 12
update: 11
update: 13
update: 22
update: 11
update: 16
update: 15
update: 15
update: 10
update: 11
update: 6
update: 10
update: 11
update: 17
update: 6
update: 19
update: 2
update: 20
update: 10
update: 17
update: 5
update: 24
update: 4
update: 13
update: 13
update: 16
update: 12
update: 8
update: 12
update: 13
update: 7
update: 26
update: 6
update: 17
update: 16
update: 14
update: 11
update: 7
update: 14
update: 10
update: 11
update: 10
update: 5
update: 10
update: 7
update: 9
update: 5
update: 7
update: 6
update: 22
update: 9
update: 6
update: 9
update: 15
update: 4
update: 20
update: 4
update: 18
update: 12
update: 12
update: 19
update: 25
update: 13
update: 6
update: 17
update: 14
update: 20
update: 14
update: 9
update: 15
update: 6
update: 16
update: 17
update: 10
update: 14
update: 10
update: 12
update: 15
update: 19
update: 5
update: 11
update: 19
update: 17
update: 9
update: 14
update: 25
update: 15
update: 9
update: 17
update: 10
update: 12
update: 7
update: 9
update: 3
update: 7
update: 10
update: 8
update: 16
update: 10
update: 18
update: 18
update: 20
update: 6
update: 21
update: 10
update: 18
update: 12
update: 15
update: 7
update: 17
update: 2
update: 30
update: 6
update: 17
update: 23
update: 15
update: 25
update: 13
update: 15
update: 21
update: 8
update: 16
update: 9
update: 17
update: 8
update: 29
update: 11
update: 17
update: 9
update: 20
update: 16
update: 7
update: 20
update: 17
update: 7
update: 24
update: 20
update: 14
update: 18
update: 13
update: 8
update: 15
update: 13
update: 23
update: 11
update: 11
update: 12
update: 8
update: 18
update: 12
update: 18
update: 13
update: 15
update: 13
update: 16
update: 15
update: 22
update: 18
update: 15
update: 13
update: 14
update: 15
update: 21
update: 21
update: 19
update: 10
update: 31
update: 26
update: 12
update: 23
update: 29
update: 8
update: 22
update: 12
update: 22
update: 8
update: 18
update: 22
update: 23
update: 10
update: 25
update: 11
update: 27
update: 15
update: 24
update: 16
update: 29
update: 16
update: 23
update: 10
update: 29
update: 13
update: 31
update: 26
update: 18
update: 17
update: 32
update: 19
update: 17
update: 21
update: 20
update: 24
update: 14
update: 28
update: 20
update: 26
update: 13
update: 22
update: 26
update: 13
update: 20
update: 31
update: 20
update: 34
update: 14
update: 18
update: 22
update: 26
update: 28
update: 27
update: 14
update: 27
update: 23
update: 28
update: 12
update: 21
update: 29
update: 20
update: 12
update: 27
update: 19
update: 18
update: 10
update: 31
update: 15
update: 19
update: 36
update: 15
update: 26
update: 16
update: 23
update: 30
update: 14
update: 19
update: 33
update: 18
update: 36
update: 26
update: 42
update: 19
update: 29
update: 23
update: 19
update: 34
update: 17
update: 27
update: 29
update: 13
update: 15
update: 28
update: 25
update: 37
update: 22
update: 24
update: 18
update: 36
update: 19
update: 30
update: 39
update: 32
update: 25
update: 29
update: 22
update: 25
update: 36
update: 32
update: 27
update: 39
update: 21
update: 29
update: 32
update: 40
update: 40
update: 31
update: 29
update: 27
update: 19
update: 35
update: 32
update: 22
update: 41
update: 32
update: 45
update: 19
update: 38
update: 29
update: 30
update: 27
update: 38
update: 32
update: 30
update: 32
update: 41
update: 16
update: 42
update: 41
update: 26
update: 45
update: 37
update: 28
update: 34
update: 38
update: 23
update: 38
update: 22
update: 40
update: 35
update: 45
update: 27
update: 43
update: 4
update: 63
update: 28
update: 19
update: 33
update: 44
update: 43
update: 35
update: 33
update: 38
update: 36
update: 54
update: 37
update: 44
update: 18
update: 61
update: 38
update: 17
update: 50
update: 26
update: 41
update: 26
update: 39
update: 27
update: 44
update: 36
update: 31
update: 51
update: 27
update: 26
update: 30
update: 36
update: 34
update: 35
update: 49
update: 29
update: 36
update: 36
update: 30
update: 51
update: 30
update: 39
update: 20
update: 39
update: 17
update: 48
update: 29
update: 44
update: 22
update: 37
update: 29
update: 16
update: 22
update: 40
update: 29
update: 18
update: 34
update: 43
update: 28
update: 31
update: 44
update: 37
update: 9
update: 43
update: 36
update: 24
update: 36
update: 22
update: 53
update: 41
update: 46
update: 34
update: 33
update: 25
update: 30
update: 31
update: 39
update: 29
update: 20
update: 29
update: 38
update: 25
update: 30
update: 32
update: 24
update: 29
update: 39
update: 29
update: 38
update: 31
update: 39
update: 30
update: 16
update: 41
update: 36
update: 21
update: 39
update: 40
update: 15
update: 25
update: 46
update: 25
update: 35
update: 18
update: 33
update: 19
update: 33
update: 15
update: 47
update: 36
update: 25
update: 31
update: 31
update: 25
update: 38
update: 35
update: 18
update: 28
update: 25
update: 33
update: 18
update: 33
update: 25
update: 27
update: 25
update: 36
update: 15
update: 17
update: 23
update: 20
update: 27
update: 26
update: 21
update: 35
update: 34
update: 16
update: 19
update: 20
update: 32
update: 17
update: 35
update: 37
update: 34
update: 34
update: 26
update: 25
update: 11
update: 28
update: 26
update: 31
update: 15
update: 20
update: 27
update: 34
update: 16
update: 36
update: 24
update: 28
update: 17
update: 45
update: 16
update: 22
update: 34
update: 20
update: 13
update: 28
update: 21
update: 19
update: 17
update: 20
update: 26
update: 19
update: 13
update: 25
update: 27
update: 17
update: 33
update: 12
update: 20
update: 17
update: 28
update: 20
update: 16
update: 12
update: 22
update: 27
update: 24
update: 18
update: 23
update: 13
update: 10
update: 22
update: 24
update: 18
update: 26
update: 24
update: 11
update: 30
update: 16
update: 14
update: 19
update: 17
update: 29
update: 21
update: 25
update: 13
update: 21
update: 9
update: 19
update: 34
update: 17
update: 10
update: 12
update: 13
update: 21
update: 15
update: 29
update: 13
update: 28
update: 19
update: 29
update: 19
update: 24
update: 8
update: 18
update: 16
update: 19
update: 7
update: 14
update: 10
update: 26
update: 5
update: 25
update: 17
update: 16
update: 14
update: 18
update: 18
update: 6
update: 27
update: 13
update: 27
update: 14
update: 9
update: 21
update: 6
update: 17
update: 13
update: 8
update: 14
update: 14
update: 15
update: 18
update: 20
update: 17
update: 14
update: 16
update: 23
update: 16
update: 15
update: 18
update: 20
update: 13
update: 9
update: 14
update: 14
update: 9
update: 26
update: 8
update: 14
update: 11
update: 17
update: 8
update: 23
update: 14
update: 12
update: 5
update: 25
update: 9
update: 19
update: 9
update: 17
update: 15
update: 9
update: 14
update: 19
update: 0
update: 18
update: 11
update: 17
update: 12
update: 17
update: 11
update: 12
update: 3
update: 20
update: 12
update: 10
update: 13
update: 17
update: 19
update: 6
update: 11
update: 5
update: 11
update: 22
update: 16
update: 10
update: 9
update: 18
update: 5
update: 12
update: 19
update: 10
update: 19
update: 5
update: 21
update: 3
update: 18
update: 5
update: 13
update: 4
update: 16
update: 11
update: 14
update: 7
update: 6
update: 8
update: 13
update: 5
update: 11
update: 17
update: 16
update: 9
update: 11
update: 5
update: 13
update: 9
update: 9
update: 9
update: 22
update: 10
update: 8
update: 2
update: 20
update: 8
update: 8
update: 5
update: 16
update: 8
update: 11
update: 6
update: 10
update: 5
update: 11
update: 7
update: 14
update: 8
update: 9
update: 15
update: 5
update: 12
update: 7
update: 6
update: 5
update: 7
update: 19
update: 13
update: 5
update: 14
update: 10
update: 4
update: 15
update: 5
update: 9
update: 5
update: 6
update: 8
update: 13
update: 13
update: 2
update: 17
update: 4
update: 8
update: 14
update: 4
update: 10
update: 9
update: 7
update: 8
update: 15
update: 7
update: 5
update: 13
update: 11
update: 14
update: 8
update: 5
update: 6
update: 11
update: 10
update: 9
update: 8
update: 6
update: 15
update: 9
update: 8
update: 9
update: 12
update: 7
update: 6
update: 8
update: 12
update: 5
update: 6
update: 4
update: 8
update: 14
update: 4
update: 7
update: 7
update: 6
update: 6
update: 10
update: 9
update: 10
update: 7
update: 16
update: 10
update: 10
update: 7
update: 12
update: 13
update: 9
update: 13
update: 1
update: 8
update: 4
update: 12
update: 3
update: 14
update: 3
update: 8
update: 2
update: 12
update: 5
update: 16
update: 7
update: 6
update: 9
update: 8
update: 6
update: 10
update: 9
update: 9
update: 8
update: 8
update: 8
update: 8
update: 5
update: 8
update: 4
update: 9
update: 11
update: 3
update: 13
update: 6
update: 8
update: 8
update: 3
update: 6
update: 2
update: 6
update: 6
update: 10
update: 4
update: 12
update: 14
update: 10
update: 7
update: 6
update: 13
update: 2
update: 10
update: 5
update: 5
update: 11
update: 2
update: 8
update: 6
update: 7
update: 7
update: 13
update: 6
update: 2
update: 2
update: 5
update: 11
update: 10
update: 7
update: 4
update: 5
update: 6
update: 5
update: 8
update: 10
update: 5
update: 8
update: 5
update: 18
update: 1
update: 12
update: 3
update: 10
update: 3
update: 4
update: 4
update: 7
update: 1
update: 4
update: 3
update: 8
update: 7
update: 3
update: 5
update: 14
update: 2
update: 0
update: 4
update: 3
update: 4
update: 2
update: 4
update: 9
update: 3
update: 7
update: 4
update: 3
update: 6
update: 3
update: 0
update: 8
update: 2
update: 4
update: 4
update: 3
update: 6
update: 7
update: 13
update: 1
update: 7
update: 7
update: 6
update: 5
update: 5
update: 8
update: 10
update: 7
update: 5
update: 8
update: 4
update: 8
update: 2
update: 8
update: 5
update: 5
update: 6
update: 8
update: 9
update: 10
update: 5
update: 4
update: 9
update: 5
update: 11
update: 7
update: 2
update: 7
update: 6
update: 7
update: 3
update: 8
update: 5
update: 2
update: 5
update: 5
update: 3
update: 4
update: 3
update: 2
update: 1
update: 4
update: 2
update: 2
update: 2
update: 3
update: 11
update: 3
update: 3
update: 6
update: 3
update: 3
update: 4
update: 2
update: 7
update: 4
update: 0
update: 4
update: 5
update: 7
update: 6
update: 6
update: 0
update: 5
update: 4
update: 6
update: 3
update: 6
update: 3
update: 3
update: 4
update: 8
update: 1
update: 7
update: 1
update: 10
update: 3
update: 4
update: 3
update: 1
update: 2
update: 6
update: 0
update: 2
update: 2
update: 6
update: 1
update: 6
update: 2
update: 4
update: 1
update: 3
update: 7
update: 1
update: 0
update: 6
update: 2
update: 9
update: 5
update: 4
update: 3
update: 1
update: 6
update: 4
update: 9
update: 9
update: 3
update: 8
update: 3
update: 1
update: 2
update: 3
update: 3
update: 8
update: 6
update: 3
update: 3
update: 3
update: 2
update: 1
update: 5
update: 2
update: 4
update: 1
update: 1
update: 1
update: 0
update: 2
update: 5
update: 4
update: 2
update: 6
update: 0
update: 1
update: 3
update: 2
update: 3
update: 4
update: 4
update: 2
update: 4
update: 0
update: 4
update: 1
update: 4
update: 8
update: 7
update: 4
update: 3
update: 0
update: 8
update: 4
update: 8
update: 1
update: 4
update: 3
update: 4
update: 5
update: 4
update: 4
update: 2
update: 3
update: 0
update: 5
update: 2
update: 4
update: 5
update: 0
update: 6
update: 2
update: 5
update: 2
update: 3
update: 2
update: 4
update: 3
update: 2
update: 3
update: 3
update: 1
update: 1
update: 1
update: 1
update: 3
update: 1
update: 4
update: 1
update: 4
update: 0
update: 0
update: 3
update: 1
update: 2
update: 2
update: 1
update: 2
update: 2
update: 1
update: 1
update: 0
update: 4
update: 2
update: 0
update: 0
update: 2
update: 1
update: 0
update: 2
update: 2
update: 2
update: 3
update: 0
update: 1
update: 1
update: 3
update: 2
update: 3
update: 1
update: 1
update: 6
update: 0
update: 2
update: 0
update: 4
update: 0
update: 1
update: 0
update: 2
update: 2
update: 2
update: 2
update: 3
update: 0
update: 1
update: 3
update: 3
update: 1
update: 3
update: 0
update: 1
update: 3
update: 2
update: 2
update: 1
update: 1
update: 1
update: 1
update: 3
update: 4
update: 2
update: 0
update: 1
update: 2
update: 2
update: 1
update: 3
update: 2
update: 1
update: 0
update: 3
update: 1
update: 1
update: 4
update: 2
update: 3
update: 1
update: 0
update: 0
update: 0
update: 2
update: 0
update: 0
update: 0
update: 0
update: 0
update: 2
update: 0
update: 4
update: 0
update: 2
update: 1
update: 1
update: 2
update: 2
update: 0
update: 0
update: 2
update: 2
update: 1
update: 0
update: 3
update: 3
update: 1
update: 3
update: 0
update: 0
update: 3
update: 0
update: 1
update: 0
update: 3
update: 1
update: 0
update: 1
update: 3
update: 0
update: 0
update: 1
update: 1
update: 0
update: 1
update: 0
update: 2
update: 0
update: 0
update: 0
update: 0
update: 1
update: 4
update: 2
update: 0
update: 0
update: 1
update: 0
update: 2
update: 2
update: 1
update: 2
update: 0
update: 1
update: 1
update: 0
update: 0
update: 2
update: 1
update: 0
update: 1
update: 1
update: 1
update: 3
update: 0
update: 0
update: 2
update: 0
update: 0
update: 0
update: 0
update: 0
update: 1
update: 0
update: 0
update: 0
update: 0
update: 0
update: 1
update: 2
update: 2
update: 0
update: 2
update: 0
update: 1
update: 0
update: 0
update: 1
update: 0
update: 0
update: 1
update: 1
update: 0
update: 0
update: 0
update: 0
update: 0
update: 1
update: 1
update: 0
update: 0
update: 0
update: 1
update: 5
update: 0
update: 0
update: 0
update: 0
update: 0
update: 2
update: 1
update: 1
update: 0
update: 0
update: 0
update: 3
update: 3
update: 0
update: 0
update: 0
update: 2
update: 0
update: 0
update: 0
update: 2
update: 0
update: 1
update: 0
update: 0
update: 0
update: 1
update: 1
update: 0
update: 0
update: 0
update: 0
update: 0
update: 0
update: 0
update: 1
update: 0
update: 2
update: 0
update: 0
update: 2
update: 4
update: 1
update: 0
update: 0
update: 0
update: 0
update: 0
update: 0
update: 0
update: 0
update: 0
update: 0
update: 0
update: 0
update: 0
update: 0
update: 1
update: 0
update: 0
update: 0
update: 0
update: 0
update: 0
update: 1
update: 0
update: 0
update: 0
update: 0
update: 2
update: 0
update: 1
update: 0
update: 1
update: 0
update: 1
update: 0
update: 0
update: 1
update: 0
update: 0
update: 0
update: 0
update: 1
update: 2
update: 0
update: 0
update: 0
update: 1
update: 0
update: 2
update: 1
update: 2
update: 0
update: 0
update: 0
update: 0
update: 0
update: 0
update: 1
update: 1
update: 2
update: 0
update: 1
update: 0
update: 1
update: 1
update: 0
update: 1
update: 2
update: 0
update: 0
update: 0
update: 1
update: 0
update: 0
update: 0
update: 0
update: 2
update: 0
update: 0
update: 1
update: 0
update: 1
update: 0
update: 1
update: 0
update: 0
update: 1
update: 2
update: 1
update: 0
update: 0
update: 0
update: 0
update: 1
update: 1
update: 0
update: 0
update: 0
update: 0
update: 1
update: 1
update: 0
update: 0
update: 0
update: 0
update: 0
update: 0
update: 0
update: 0
update: 1
update: 0
update: 0
update: 0
update: 0
update: 1
update: 0
update: 1
update: 1
update: 0
update: 0
update: 0
update: 0
update: 0
update: 0
update: 0
update: 1
update: 0
update: 0
update: 0
update: 1
update: 0
update: 0
update: 0
update: 1
update: 0
update: 1
update: 0
update: 0
update: 0
update: 0
update: 0
update: 0
update: 0
update: 0
update: 0
update: 1
update: 0
update: 0
update: 0
update: 0
update: 0
update: 1
update: 1
update: 0
update: 0
update: 0
update: 0
update: 0
update: 0
update: 0
update: 0
update: 0
update: 0
update: 0
update: 0
update: 0
update: 0
update: 1
update: 0
update: 0
update: 0
update: 0
update: 0
update: 0
update: 0
update: 0
update: 0
update: 0
update: 0
update: 0
update: 0
update: 0
update: 0
update: 0
update: 1
update: 0
update: 1
update: 0
update: 0
update: 0
update: 1
update: 0
update: 0
update: 0
update: 0
update: 0
update: 0
update: 0
update: 0
update: 0
update: 0
update: 0
update: 1
update: 0
update: 0
update: 0
update: 0
update: 0
update: 1
update: 0
update: 1
update: 0
update: 0
update: 1
update: 0
update: 0
update: 0
update: 0
update: 0
update: 1
update: 0
update: 0
update: 0
update: 1
update: 0
update: 0
update: 0
update: 0
update: 0
update: 0
update: 0
update: 0
update: 0
update: 0
update: 1
update: 1
update: 0
update: 0
update: 1
update: 0
update: 0
update: 1
update: 0
update: 1
update: 0
update: 1
update: 0
update: 0
update: 0
update: 0
update: 0
update: 0
update: 0
update: 0
update: 0
update: 0
update: 0
update: 0
update: 1
update: 0
update: 2
update: 1
update: 0
update: 0
update: 0
update: 0
update: 1
update: 0
update: 1
update: 0
update: 0
update: 0
update: 1
update: 0
update: 0
update: 0
update: 0
update: 0
update: 1
update: 0
update: 0
update: 0
update: 1
update: 0
update: 1
update: 0
update: 0
update: 0
update: 0
update: 0
update: 1
update: 0
update: 0
update: 0
update: 1
update: 1
update: 1
update: 1
update: 0
update: 1
update: 0
update: 0
update: 1
update: 0
update: 1
update: 1
update: 0
update: 0
update: 1
update: 0
update: 1
update: 0
update: 2
update: 0
update: 0
update: 0
update: 1
update: 0
update: 1
update: 0
update: 1
update: 1
update: 1
update: 0
update: 0
update: 0
update: 3
update: 0
update: 0
update: 0
update: 0
update: 0
update: 0
update: 0
update: 1
update: 1
update: 0
update: 0
update: 0
update: 0
update: 0
update: 1
update: 0
update: 1
update: 0
update: 0
update: 1
update: 0
update: 1
update: 2
update: 0
update: 0
update: 0
update: 1
update: 0
update: 0
update: 1
update: 0
update: 0
update: 0
update: 0
update: 2
update: 1
update: 0
update: 0
update: 0
update: 0
update: 0
update: 1
update: 0
update: 1
update: 1
update: 0
update: 0
update: 0
update: 0
update: 0
update: 2
update: 1
update: 0
update: 1
update: 3
update: 1
update: 0
update: 0
update: 3
update: 0
update: 2
update: 0
update: 0
update: 1
update: 1
update: 1
update: 2
update: 2
update: 0
update: 1
update: 1
update: 0
update: 1
update: 1
update: 2
update: 4
update: 0
update: 1
update: 0
update: 1
update: 1
update: 1
update: 1
update: 3
update: 1
update: 0
update: 0
update: 1
update: 2
update: 1
update: 0
update: 1
update: 1
update: 1
update: 1
update: 1
update: 2
update: 1
update: 1
update: 1
update: 0
update: 2
update: 1
update: 1
update: 3
update: 2
update: 1
update: 2
update: 1
update: 0
update: 0
update: 1
update: 4
update: 2
update: 0
update: 1
update: 1
update: 3
update: 0
update: 1
update: 1
update: 4
update: 2
update: 3
update: 3
update: 1
update: 1
update: 2
update: 4
update: 2
update: 2
update: 6
update: 0
update: 6
update: 4
update: 1
update: 3
update: 2
update: 3
update: 2
update: 2
update: 3
update: 1
update: 0
update: 6
update: 6
update: 3
update: 1
update: 3
update: 5
update: 2
update: 1
update: 4
update: 3
update: 2
update: 3
update: 1
update: 3
update: 3
update: 3
update: 7
update: 4
update: 1
update: 2
update: 5
update: 5
update: 5
update: 2
update: 5
update: 7
update: 4
update: 1
update: 6
update: 10
update: 3
update: 8
update: 10
update: 5
update: 3
update: 4
update: 5
update: 8
update: 1
update: 3
update: 8
update: 5
update: 2
update: 7
update: 12
update: 7
update: 4
update: 0
update: 6
update: 2
update: 2
update: 6
update: 5
update: 7
update: 3
update: 4
update: 5
update: 2
update: 6
update: 8
update: 4
update: 1
update: 2
update: 5
update: 9
update: 2
update: 6
update: 1
update: 2
update: 1
update: 5
update: 9
update: 1
update: 3
update: 8
update: 3
update: 10
update: 2
update: 9
update: 8
update: 11
update: 2
update: 10
update: 8
update: 6
update: 6
update: 11
update: 4
update: 4
update: 12
update: 10
update: 3
update: 8
update: 7
update: 6
update: 6
update: 3
Traceback (most recent call last):
  File "scrape_divvy_rss_feed.py", line 25, in <module>
    req = requests.get(URL).json()['stationBeanList']
  File "/Users/ncho/anaconda3/lib/python3.6/site-packages/requests/models.py", line 892, in json
    return complexjson.loads(self.text, **kwargs)
  File "/Users/ncho/anaconda3/lib/python3.6/json/__init__.py", line 354, in loads
    return _default_decoder.decode(s)
  File "/Users/ncho/anaconda3/lib/python3.6/json/decoder.py", line 339, in decode
    obj, end = self.raw_decode(s, idx=_w(s, 0).end())
  File "/Users/ncho/anaconda3/lib/python3.6/json/decoder.py", line 357, in raw_decode
    raise JSONDecodeError("Expecting value", s, err.value) from None
json.decoder.JSONDecodeError: Expecting value: line 1 column 1 (char 0)
